<?xml version="1.0" encoding="UTF-8"?>
<testsuite xmlns:xsi="http://www.w3.org/2001/XMLSchema-instance" xsi:noNamespaceSchemaLocation="https://maven.apache.org/surefire/maven-surefire-plugin/xsd/surefire-test-report.xsd" version="3.0.2" name="com.rts.tap.serviceimplementation.JobDescriptionServiceImplTest" time="0.307" tests="17" errors="0" skipped="0" failures="0">
  <properties>
[...]
</properties>
  <testcase name="testAddJobDescriptionAssignToMrfSuccess" classname="com.rts.tap.serviceimplementation.JobDescriptionServiceImplTest" time="0.17">
    <system-out><![CDATA[2025-02-03 12:08:36 [main] INFO  c.r.t.s.JobDescriptionServiceImpl - Successfully added MRF Job Description: QA Engineer
]]></system-out>
  </testcase>
  <testcase name="testGetAllJobDescriptions" classname="com.rts.tap.serviceimplementation.JobDescriptionServiceImplTest" time="0.005">
    <system-out><![CDATA[2025-02-03 12:08:36 [main] INFO  c.r.t.s.JobDescriptionServiceImpl - Fetching all job descriptions
]]></system-out>
  </testcase>
  <testcase name="testGetAllMrfJd" classname="com.rts.tap.serviceimplementation.JobDescriptionServiceImplTest" time="0.003">
    <system-out><![CDATA[2025-02-03 12:08:36 [main] INFO  c.r.t.s.JobDescriptionServiceImpl - Fetching all MRD Job Descriptions
]]></system-out>
  </testcase>
  <testcase name="testGetByMrfJdId" classname="com.rts.tap.serviceimplementation.JobDescriptionServiceImplTest" time="0.003">
    <system-out><![CDATA[2025-02-03 12:08:36 [main] INFO  c.r.t.s.JobDescriptionServiceImpl - Fetching MRD Job Description by ID: 1
]]></system-out>
  </testcase>
  <testcase name="testEditMrfJdRolesAndResponsibilitiesIOException" classname="com.rts.tap.serviceimplementation.JobDescriptionServiceImplTest" time="0.03">
    <system-out><![CDATA[2025-02-03 12:08:36 [main] ERROR c.r.t.s.JobDescriptionServiceImpl - Failed to update MRD Job Description roles and responsibilities: IO Exception
]]></system-out>
  </testcase>
  <testcase name="testEditMrfJdNoRolesAndResponsibilitiesProvided" classname="com.rts.tap.serviceimplementation.JobDescriptionServiceImplTest" time="0.003">
    <system-out><![CDATA[2025-02-03 12:08:36 [main] INFO  c.r.t.s.JobDescriptionServiceImpl - Successfully updated MRD Job Description ID: 1
]]></system-out>
  </testcase>
  <testcase name="testGetAllJobTitles" classname="com.rts.tap.serviceimplementation.JobDescriptionServiceImplTest" time="0.006">
    <system-out><![CDATA[2025-02-03 12:08:36 [main] INFO  c.r.t.s.JobDescriptionServiceImpl - Fetching all job titles
2025-02-03 12:08:36 [main] INFO  c.r.t.s.JobDescriptionServiceImpl - Retrieved job titles: [Developer, Tester]
]]></system-out>
  </testcase>
  <testcase name="testEditMrfJdSuccess" classname="com.rts.tap.serviceimplementation.JobDescriptionServiceImplTest" time="0.005">
    <system-out><![CDATA[2025-02-03 12:08:36 [main] INFO  c.r.t.s.JobDescriptionServiceImpl - Successfully updated MRD Job Description ID: 1
]]></system-out>
  </testcase>
  <testcase name="testAddJobDescriptionGenericException" classname="com.rts.tap.serviceimplementation.JobDescriptionServiceImplTest" time="0.008">
    <system-out><![CDATA[2025-02-03 12:08:36 [main] ERROR c.r.t.s.JobDescriptionServiceImpl - Failed to add job description: Unexpected Error
]]></system-out>
  </testcase>
  <testcase name="testEditMrfJdNotFound" classname="com.rts.tap.serviceimplementation.JobDescriptionServiceImplTest" time="0.007">
    <system-out><![CDATA[2025-02-03 12:08:36 [main] WARN  c.r.t.s.JobDescriptionServiceImpl - MRD Job Description not found for ID: 1
]]></system-out>
  </testcase>
  <testcase name="testEditJobDescriptionSuccess" classname="com.rts.tap.serviceimplementation.JobDescriptionServiceImplTest" time="0.004">
    <system-out><![CDATA[2025-02-03 12:08:36 [main] INFO  c.r.t.s.JobDescriptionServiceImpl - Successfully updated Job Description ID: 1
]]></system-out>
  </testcase>
  <testcase name="testEditJobDescriptionNotFound" classname="com.rts.tap.serviceimplementation.JobDescriptionServiceImplTest" time="0.005">
    <system-out><![CDATA[2025-02-03 12:08:36 [main] WARN  c.r.t.s.JobDescriptionServiceImpl - Job Description not found for ID: 1
]]></system-out>
  </testcase>
  <testcase name="testAddJobDescriptionAssignToMrfGenericException" classname="com.rts.tap.serviceimplementation.JobDescriptionServiceImplTest" time="0.01">
    <system-out><![CDATA[2025-02-03 12:08:36 [main] ERROR c.r.t.s.JobDescriptionServiceImpl - Failed to add job description for MRF: Unexpected Error
]]></system-out>
  </testcase>
  <testcase name="testEditJobDescriptionIOException" classname="com.rts.tap.serviceimplementation.JobDescriptionServiceImplTest" time="0.009">
    <system-out><![CDATA[2025-02-03 12:08:36 [main] ERROR c.r.t.s.JobDescriptionServiceImpl - Failed to update job description roles and responsibilities: File read error
]]></system-out>
  </testcase>
  <testcase name="testAddJobDescriptionSuccess" classname="com.rts.tap.serviceimplementation.JobDescriptionServiceImplTest" time="0.004">
    <system-out><![CDATA[2025-02-03 12:08:36 [main] INFO  c.r.t.s.JobDescriptionServiceImpl - Successfully added Job Description: 
]]></system-out>
  </testcase>
  <testcase name="testGetByJobDescriptionId" classname="com.rts.tap.serviceimplementation.JobDescriptionServiceImplTest" time="0.005">
    <system-out><![CDATA[2025-02-03 12:08:36 [main] INFO  c.r.t.s.JobDescriptionServiceImpl - Fetching Job Description by ID: 1
2025-02-03 12:08:36 [main] INFO  c.r.t.s.JobDescriptionServiceImpl - Retrieved Job Description: com.rts.tap.model.JobDescription@77d86aba
]]></system-out>
  </testcase>
  <testcase name="testAddJobDescriptionIOException" classname="com.rts.tap.serviceimplementation.JobDescriptionServiceImplTest" time="0.007">
    <system-out><![CDATA[2025-02-03 12:08:36 [main] ERROR c.r.t.s.JobDescriptionServiceImpl - Failed to add job description due to IO exception: IO Error
]]></system-out>
  </testcase>
</testsuite>