<?xml version="1.0" encoding="UTF-8"?>
<testsuite xmlns:xsi="http://www.w3.org/2001/XMLSchema-instance" xsi:noNamespaceSchemaLocation="https://maven.apache.org/surefire/maven-surefire-plugin/xsd/surefire-test-report.xsd" version="3.0.2" name="com.rts.tap.serviceimplementation.MRFServiceImplTest" time="0.436" tests="34" errors="0" skipped="0" failures="0">
  <properties>
[...]
</properties>
  <testcase name="testMrfBulkAssignToRecruiter" classname="com.rts.tap.serviceimplementation.MRFServiceImplTest" time="0.132"/>
  <testcase name="testUpdateContractTimeline_30DaysTimeline" classname="com.rts.tap.serviceimplementation.MRFServiceImplTest" time="0.013">
    <system-out><![CDATA[2025-02-03 12:08:36 [main] INFO  c.r.t.s.MRFServiceImpl - Updating MRF status for ID: 1
]]></system-out>
  </testcase>
  <testcase name="testUpdateMrfStatus_MRFNotFound" classname="com.rts.tap.serviceimplementation.MRFServiceImplTest" time="0.013">
    <system-out><![CDATA[2025-02-03 12:08:36 [main] INFO  c.r.t.s.MRFServiceImpl - Updating MRF status for ID: 2
]]></system-out>
  </testcase>
  <testcase name="testMrfAssignToVendor" classname="com.rts.tap.serviceimplementation.MRFServiceImplTest" time="0.003"/>
  <testcase name="testDeleteMrfById" classname="com.rts.tap.serviceimplementation.MRFServiceImplTest" time="0.004">
    <system-out><![CDATA[2025-02-03 12:08:36 [main] INFO  c.r.t.s.MRFServiceImpl - Deleting MRF with ID: 1
]]></system-out>
  </testcase>
  <testcase name="testUpdateMrfStatus_MRFNotFound1" classname="com.rts.tap.serviceimplementation.MRFServiceImplTest" time="0.008">
    <system-out><![CDATA[2025-02-03 12:08:36 [main] INFO  c.r.t.s.MRFServiceImpl - Updating MRF status for ID: 2
]]></system-out>
  </testcase>
  <testcase name="testUpdateMrf" classname="com.rts.tap.serviceimplementation.MRFServiceImplTest" time="0.005">
    <system-out><![CDATA[2025-02-03 12:08:36 [main] INFO  c.r.t.s.MRFServiceImpl - Updating MRF with ID: 1
]]></system-out>
  </testcase>
  <testcase name="testSendForApproval_ClientPartnerNull" classname="com.rts.tap.serviceimplementation.MRFServiceImplTest" time="0.007">
    <system-out><![CDATA[2025-02-03 12:08:36 [main] INFO  c.r.t.s.MRFServiceImpl - Sending MRF for approval with ID: 1
2025-02-03 12:08:36 [main] ERROR c.r.t.s.MRFServiceImpl - Business Unit Head or Client Partner is null for MRF ID: 1
]]></system-out>
  </testcase>
  <testcase name="testMrfAssignToRecruiter" classname="com.rts.tap.serviceimplementation.MRFServiceImplTest" time="0.003"/>
  <testcase name="testUpdateContractTimeline_ImmediateTimeline" classname="com.rts.tap.serviceimplementation.MRFServiceImplTest" time="0.005">
    <system-out><![CDATA[2025-02-03 12:08:36 [main] INFO  c.r.t.s.MRFServiceImpl - Updating MRF status for ID: 1
]]></system-out>
  </testcase>
  <testcase name="testSendForApproval_Success" classname="com.rts.tap.serviceimplementation.MRFServiceImplTest" time="0.026">
    <system-out><![CDATA[2025-02-03 12:08:36 [main] INFO  c.r.t.s.MRFServiceImpl - Sending MRF for approval with ID: 1
2025-02-03 12:08:36 [main] INFO  c.r.t.s.MRFServiceImpl - MRF template data retrieved for MRF ID: 1
2025-02-03 12:08:36 [main] INFO  c.r.t.s.MRFServiceImpl - Sending approval request email to BU Head: buh@example.com
2025-02-03 12:08:36 [main] INFO  c.r.t.s.MRFServiceImpl - MRF approval status updated to 'Pending' for MRF ID: 1
]]></system-out>
  </testcase>
  <testcase name="testGetAssignedMrf" classname="com.rts.tap.serviceimplementation.MRFServiceImplTest" time="0.022"/>
  <testcase name="testGetRequirementFilledCount" classname="com.rts.tap.serviceimplementation.MRFServiceImplTest" time="0.004"/>
  <testcase name="testUpdateSOW_IOError" classname="com.rts.tap.serviceimplementation.MRFServiceImplTest" time="0.068">
    <system-out><![CDATA[2025-02-03 12:08:36 [main] INFO  c.r.t.s.MRFServiceImpl - Updating SOW for MRF with ID: 1
2025-02-03 12:08:36 [main] ERROR c.r.t.s.MRFServiceImpl - Error while reading service level agreement file: Test IO Exception
]]></system-out>
  </testcase>
  <testcase name="testUpdateSOW_ExistingSLA" classname="com.rts.tap.serviceimplementation.MRFServiceImplTest" time="0.006">
    <system-out><![CDATA[2025-02-03 12:08:36 [main] INFO  c.r.t.s.MRFServiceImpl - Updating SOW for MRF with ID: 1
]]></system-out>
  </testcase>
  <testcase name="testGetOfferApprovalsByEmployeeId" classname="com.rts.tap.serviceimplementation.MRFServiceImplTest" time="0.005"/>
  <testcase name="testSendForApproval_InvalidApprovalStatus" classname="com.rts.tap.serviceimplementation.MRFServiceImplTest" time="0.007">
    <system-out><![CDATA[2025-02-03 12:08:36 [main] INFO  c.r.t.s.MRFServiceImpl - Sending MRF for approval with ID: 1
2025-02-03 12:08:36 [main] WARN  c.r.t.s.MRFServiceImpl - No agreement found for MRF ID: 1, no template data available.
2025-02-03 12:08:36 [main] ERROR c.r.t.s.MRFServiceImpl - Cannot send MRF for approval: Current status is Pending for MRF ID: 1
]]></system-out>
  </testcase>
  <testcase name="testUpdateSOW_MRFNotFound" classname="com.rts.tap.serviceimplementation.MRFServiceImplTest" time="0.003"/>
  <testcase name="testSendForApproval_BusinessUnitHeadNull" classname="com.rts.tap.serviceimplementation.MRFServiceImplTest" time="0.006">
    <system-out><![CDATA[2025-02-03 12:08:36 [main] INFO  c.r.t.s.MRFServiceImpl - Sending MRF for approval with ID: 1
2025-02-03 12:08:36 [main] ERROR c.r.t.s.MRFServiceImpl - Business Unit Head or Client Partner is null for MRF ID: 1
]]></system-out>
  </testcase>
  <testcase name="testGetAllMrf" classname="com.rts.tap.serviceimplementation.MRFServiceImplTest" time="0.004">
    <system-out><![CDATA[2025-02-03 12:08:36 [main] INFO  c.r.t.s.MRFServiceImpl - Fetching all MRFs
]]></system-out>
  </testcase>
  <testcase name="testGetMrfRecruitingManagerByMrfIdAndManagerId" classname="com.rts.tap.serviceimplementation.MRFServiceImplTest" time="0.003"/>
  <testcase name="testGetMrfByMrfJdId" classname="com.rts.tap.serviceimplementation.MRFServiceImplTest" time="0.01"/>
  <testcase name="testAddMrf" classname="com.rts.tap.serviceimplementation.MRFServiceImplTest" time="0.004">
    <system-out><![CDATA[2025-02-03 12:08:36 [main] INFO  c.r.t.s.MRFServiceImpl - Adding new MRF with criteria: null
2025-02-03 12:08:36 [main] INFO  c.r.t.s.MRFServiceImpl - Saving MRFAgreement: null
2025-02-03 12:08:36 [main] INFO  c.r.t.s.MRFServiceImpl - Successfully added MRF with ID: 1
]]></system-out>
  </testcase>
  <testcase name="testUpdateMrfStatus_RejectedWithDescription" classname="com.rts.tap.serviceimplementation.MRFServiceImplTest" time="0.005">
    <system-out><![CDATA[2025-02-03 12:08:36 [main] INFO  c.r.t.s.MRFServiceImpl - Updating MRF status for ID: 1
2025-02-03 12:08:36 [main] INFO  c.r.t.s.MRFServiceImpl - Updating MRF status for ID: 1
]]></system-out>
  </testcase>
  <testcase name="testSendForApproval_NoMrfFound" classname="com.rts.tap.serviceimplementation.MRFServiceImplTest" time="0.006">
    <system-out><![CDATA[2025-02-03 12:08:36 [main] INFO  c.r.t.s.MRFServiceImpl - Sending MRF for approval with ID: 1
2025-02-03 12:08:36 [main] ERROR c.r.t.s.MRFServiceImpl - MRF with ID 1 not found.
]]></system-out>
  </testcase>
  <testcase name="testGetAllMrfVendorsRecords" classname="com.rts.tap.serviceimplementation.MRFServiceImplTest" time="0.006">
    <system-out><![CDATA[Active
]]></system-out>
  </testcase>
  <testcase name="testAssignMrfToRecruitingManager" classname="com.rts.tap.serviceimplementation.MRFServiceImplTest" time="0.003">
    <system-out><![CDATA[2025-02-03 12:08:36 [main] INFO  c.r.t.s.MRFServiceImpl - Assigning MRF to Recruiting Manager
]]></system-out>
  </testcase>
  <testcase name="testUpdateSOW_Success1" classname="com.rts.tap.serviceimplementation.MRFServiceImplTest" time="0.005">
    <system-out><![CDATA[2025-02-03 12:08:36 [main] INFO  c.r.t.s.MRFServiceImpl - Updating SOW for MRF with ID: 1
2025-02-03 12:08:36 [main] INFO  c.r.t.s.MRFServiceImpl - SOW updated successfully for MRF with ID: 1
]]></system-out>
  </testcase>
  <testcase name="testUpdateSOW_Success" classname="com.rts.tap.serviceimplementation.MRFServiceImplTest" time="0.002"/>
  <testcase name="testUpdateSOW_NoMRFAgreement" classname="com.rts.tap.serviceimplementation.MRFServiceImplTest" time="0.005">
    <system-out><![CDATA[2025-02-03 12:08:37 [main] INFO  c.r.t.s.MRFServiceImpl - Updating SOW for MRF with ID: 1
]]></system-out>
  </testcase>
  <testcase name="testGetMrfById" classname="com.rts.tap.serviceimplementation.MRFServiceImplTest" time="0.005">
    <system-out><![CDATA[2025-02-03 12:08:37 [main] INFO  c.r.t.s.MRFServiceImpl - Fetching MRF with ID: 1
]]></system-out>
  </testcase>
  <testcase name="testMrfBulkAssignToVendor" classname="com.rts.tap.serviceimplementation.MRFServiceImplTest" time="0.004">
    <system-out><![CDATA[2025-02-03 12:08:37 [main] WARN  c.r.t.s.MRFServiceImpl - Assigned
]]></system-out>
  </testcase>
  <testcase name="testSendForApproval_RequirementNull" classname="com.rts.tap.serviceimplementation.MRFServiceImplTest" time="0.003">
    <system-out><![CDATA[2025-02-03 12:08:37 [main] INFO  c.r.t.s.MRFServiceImpl - Sending MRF for approval with ID: 1
2025-02-03 12:08:37 [main] ERROR c.r.t.s.MRFServiceImpl - Requirement is null for MRF ID: 1
]]></system-out>
  </testcase>
  <testcase name="testReassignMrfToRecruiter" classname="com.rts.tap.serviceimplementation.MRFServiceImplTest" time="0.003"/>
</testsuite>